<?xml version="1.0" encoding="UTF-8"?>
<testsuite xmlns:xsi="http://www.w3.org/2001/XMLSchema-instance" xsi:noNamespaceSchemaLocation="https://maven.apache.org/surefire/maven-surefire-plugin/xsd/surefire-test-report-3.0.xsd" version="3.0" name="de.exxcellent.challenge.AppTest" time="0.05" tests="3" errors="0" skipped="0" failures="0">
  <properties>
[...]
</properties>
  <testcase name="runFootball" classname="de.exxcellent.challenge.AppTest" time="0.026">
    <system-out><![CDATA[Team: Aston_Villa 
]]></system-out>
  </testcase>
  <testcase name="runWeather" classname="de.exxcellent.challenge.AppTest" time="0.003">
    <system-out><![CDATA[Day: 14 
]]></system-out>
  </testcase>
  <testcase name="aPointlessTest" classname="de.exxcellent.challenge.AppTest" time="0.003"/>
</testsuite>